2018-12-19 09:16:55,306 INFO: - - - - - - - - - - - - - - - - - - - - - - - - - - - - - - - -
2018-12-19 09:16:55,306 INFO: Tweet Data: Pre-Processing:
2018-12-19 09:16:55,306 INFO: FileOpen:
Filename: tweet-data
Postfix: .csv
Folder: data
Absolute: data\tweet-data.csv
2018-12-19 09:16:55,306 INFO: TweetDataPreProcessing:
Filename: data\tweet-data.csv
Dataframe NOT defined.
2018-12-19 09:16:55,576 INFO: TweetDataPreProcessing:
2018-12-19 09:16:55,576 INFO: Filename: data\tweet-data.csv
2018-12-19 09:16:55,576 INFO: Shape: (10000, 17)
2018-12-19 09:16:55,576 INFO: Column Names:
Index(['User-ID', 'latitude-median-working-tweets',
       'longitude-median-working-tweets', 'latitude-median-nonworking-tweets',
       'longitude-median-nonworking-tweets', 'medians-distance',
       'latitude-mean-all-tweets', 'longitude-mean-all-tweets',
       'area-all-tweets', 'x/y-all-tweets', 'theta-all-tweets',
       'area-working-tweets', 'x/y-working-tweets', 'theta-working-tweets',
       'area-nonworking-tweets', 'x/y-nonworking-tweets',
       'theta-nonworking-tweets'],
      dtype='object')
2018-12-19 09:16:55,576 INFO: Column Types:
User-ID                                 int64
latitude-median-working-tweets        float64
longitude-median-working-tweets       float64
latitude-median-nonworking-tweets     float64
longitude-median-nonworking-tweets    float64
medians-distance                      float64
latitude-mean-all-tweets              float64
longitude-mean-all-tweets             float64
area-all-tweets                       float64
x/y-all-tweets                         object
theta-all-tweets                      float64
area-working-tweets                   float64
x/y-working-tweets                     object
theta-working-tweets                  float64
area-nonworking-tweets                float64
x/y-nonworking-tweets                  object
theta-nonworking-tweets               float64
dtype: object
2018-12-19 09:16:55,576 INFO: Processing: All
2018-12-19 09:17:39,661 INFO: - - - - - - - - - - - - - - - - - - - - - - - - - - - - - - - -
2018-12-19 09:17:39,661 INFO: Tweet Data: Pre-Processing:
2018-12-19 09:17:39,671 INFO: FileOpen:
Filename: tweet-data
Postfix: .csv
Folder: data
Absolute: data\tweet-data.csv
2018-12-19 09:17:39,671 INFO: TweetDataPreProcessing:
Filename: data\tweet-data.csv
Dataframe NOT defined.
2018-12-19 09:17:39,972 INFO: TweetDataPreProcessing:
2018-12-19 09:17:39,972 INFO: Filename: data\tweet-data.csv
2018-12-19 09:17:39,972 INFO: Shape: (10000, 17)
2018-12-19 09:17:39,972 INFO: Column Names:
Index(['User-ID', 'latitude-median-working-tweets',
       'longitude-median-working-tweets', 'latitude-median-nonworking-tweets',
       'longitude-median-nonworking-tweets', 'medians-distance',
       'latitude-mean-all-tweets', 'longitude-mean-all-tweets',
       'area-all-tweets', 'x/y-all-tweets', 'theta-all-tweets',
       'area-working-tweets', 'x/y-working-tweets', 'theta-working-tweets',
       'area-nonworking-tweets', 'x/y-nonworking-tweets',
       'theta-nonworking-tweets'],
      dtype='object')
2018-12-19 09:17:39,972 INFO: Column Types:
User-ID                                 int64
latitude-median-working-tweets        float64
longitude-median-working-tweets       float64
latitude-median-nonworking-tweets     float64
longitude-median-nonworking-tweets    float64
medians-distance                      float64
latitude-mean-all-tweets              float64
longitude-mean-all-tweets             float64
area-all-tweets                       float64
x/y-all-tweets                         object
theta-all-tweets                      float64
area-working-tweets                   float64
x/y-working-tweets                     object
theta-working-tweets                  float64
area-nonworking-tweets                float64
x/y-nonworking-tweets                  object
theta-nonworking-tweets               float64
dtype: object
2018-12-19 09:17:39,972 INFO: Processing: All
2018-12-19 09:17:40,081 WARNING: idx: 28 : id 69248583 has area NaN.
2018-12-19 09:17:40,081 WARNING: id: 69248583 (28): The ellipse area is -1.0 - can not calculate 'a' or 'b'.
2018-12-19 09:17:41,987 WARNING: id: 838127347 (609): The ellipse area is 0.0 - can not calculate 'a' or 'b'.
2018-12-19 09:17:42,027 WARNING: id: 31522752 (620): The ellipse area is 0.0 - can not calculate 'a' or 'b'.
2018-12-19 09:17:42,067 WARNING: id: 2290226167 (633): The ellipse area is 0.0 - can not calculate 'a' or 'b'.
2018-12-19 09:17:43,131 WARNING: idx: 961 : id 161759337 has area NaN.
2018-12-19 09:17:43,141 WARNING: id: 161759337 (961): The ellipse area is -1.0 - can not calculate 'a' or 'b'.
2018-12-19 09:17:43,912 WARNING: idx: 1196 : id 14272842 has area NaN.
2018-12-19 09:17:43,912 WARNING: id: 14272842 (1196): The ellipse area is -1.0 - can not calculate 'a' or 'b'.
2018-12-19 09:17:45,910 WARNING: id: 2264199298 (1808): The ellipse area is 0.0 - can not calculate 'a' or 'b'.
2018-12-19 09:17:47,171 WARNING: idx: 2195 : id 400210040 has area NaN.
2018-12-19 09:17:47,171 WARNING: id: 400210040 (2195): The ellipse area is -1.0 - can not calculate 'a' or 'b'.
2018-12-19 09:17:48,031 WARNING: idx: 2456 : id 515740780 has area NaN.
2018-12-19 09:17:48,031 WARNING: id: 515740780 (2456): The ellipse area is -1.0 - can not calculate 'a' or 'b'.
2018-12-19 09:17:48,211 WARNING: idx: 2511 : id 19056002 has area NaN.
2018-12-19 09:17:48,211 WARNING: id: 19056002 (2511): The ellipse area is -1.0 - can not calculate 'a' or 'b'.
2018-12-19 09:17:48,384 WARNING: id: 81913437 (2565): The ellipse area is 0.0 - can not calculate 'a' or 'b'.
2018-12-19 09:17:48,454 WARNING: idx: 2586 : id 494496894 has area NaN.
2018-12-19 09:17:48,454 WARNING: id: 494496894 (2586): The ellipse area is -1.0 - can not calculate 'a' or 'b'.
2018-12-19 09:17:48,605 WARNING: idx: 2630 : id 1407738254 has area NaN.
2018-12-19 09:17:48,607 WARNING: id: 1407738254 (2630): The ellipse area is -1.0 - can not calculate 'a' or 'b'.
2018-12-19 09:17:48,984 WARNING: id: 2325658724 (2745): The ellipse area is 0.0 - can not calculate 'a' or 'b'.
2018-12-19 09:17:48,994 WARNING: idx: 2750 : id 226657327 has area NaN.
2018-12-19 09:17:49,004 WARNING: id: 226657327 (2750): The ellipse area is -1.0 - can not calculate 'a' or 'b'.
2018-12-19 09:17:49,366 WARNING: id: 1705798111 (2859): The ellipse area is 0.0 - can not calculate 'a' or 'b'.
2018-12-19 09:17:50,271 WARNING: idx: 3133 : id 17424060 has area NaN.
2018-12-19 09:17:50,271 WARNING: id: 17424060 (3133): The ellipse area is -1.0 - can not calculate 'a' or 'b'.
2018-12-19 09:17:52,566 WARNING: id: 511169282 (3829): The ellipse area is 0.0 - can not calculate 'a' or 'b'.
2018-12-19 09:17:53,208 WARNING: idx: 4024 : id 898269205 has area NaN.
2018-12-19 09:17:53,218 WARNING: id: 898269205 (4024): The ellipse area is -1.0 - can not calculate 'a' or 'b'.
2018-12-19 09:17:54,592 WARNING: id: 971433606 (4437): The ellipse area is 0.0 - can not calculate 'a' or 'b'.
2018-12-19 09:17:54,702 WARNING: idx: 4472 : id 2889905069 has area NaN.
2018-12-19 09:17:54,702 WARNING: id: 2889905069 (4472): The ellipse area is -1.0 - can not calculate 'a' or 'b'.
2018-12-19 09:17:55,093 WARNING: id: 24624969 (4589): The ellipse area is 0.0 - can not calculate 'a' or 'b'.
2018-12-19 09:17:55,473 WARNING: id: 320336872 (4698): The ellipse area is 0.0 - can not calculate 'a' or 'b'.
2018-12-19 09:17:55,759 WARNING: idx: 4781 : id 86292366 has area NaN.
2018-12-19 09:17:55,759 WARNING: id: 86292366 (4781): The ellipse area is -1.0 - can not calculate 'a' or 'b'.
2018-12-19 09:17:55,769 WARNING: id: 807512228 (4783): The ellipse area is 0.0 - can not calculate 'a' or 'b'.
2018-12-19 09:17:56,644 WARNING: idx: 5046 : id 332382596 has area NaN.
2018-12-19 09:17:56,654 WARNING: id: 332382596 (5046): The ellipse area is -1.0 - can not calculate 'a' or 'b'.
2018-12-19 09:18:01,105 WARNING: idx: 6355 : id 46700324 has area NaN.
2018-12-19 09:18:01,105 WARNING: id: 46700324 (6355): The ellipse area is -1.0 - can not calculate 'a' or 'b'.
2018-12-19 09:18:04,562 WARNING: idx: 7371 : id 2887829170 has area NaN.
2018-12-19 09:18:04,562 WARNING: id: 2887829170 (7371): The ellipse area is -1.0 - can not calculate 'a' or 'b'.
2018-12-19 09:18:05,242 WARNING: id: 2256787436 (7573): The ellipse area is 0.0 - can not calculate 'a' or 'b'.
2018-12-19 09:18:07,027 WARNING: id: 28092935 (8094): The ellipse area is 0.0 - can not calculate 'a' or 'b'.
2018-12-19 09:18:07,709 WARNING: id: 216552818 (8286): The ellipse area is 0.0 - can not calculate 'a' or 'b'.
2018-12-19 09:18:09,382 WARNING: idx: 8760 : id 2884841297 has area NaN.
2018-12-19 09:18:09,382 WARNING: id: 2884841297 (8760): The ellipse area is -1.0 - can not calculate 'a' or 'b'.
2018-12-19 09:18:11,111 WARNING: id: 2764476093 (9192): The ellipse area is 0.0 - can not calculate 'a' or 'b'.
2018-12-19 09:18:13,994 WARNING: idx: 9949 : id 1201909004 has area NaN.
2018-12-19 09:18:13,996 WARNING: id: 1201909004 (9949): The ellipse area is -1.0 - can not calculate 'a' or 'b'.
2018-12-19 09:18:14,187 INFO: Find Datapoints Enclosed within Ellipse.
2018-12-19 09:22:16,148 INFO: 
           id        lat        lon            x            y         area        a        b     angle  distance    ratio  count                                                ids                                               idxs
0   379005817  39.078783 -77.364148 -8.61214e+06  4.73296e+06  3234.374378  65542.5  15707.9  1.118888  0.026306  4.17258    133  [741621378, 2147825826, 1557335678, 21065479, ...  [5, 14, 79, 95, 126, 163, 180, 379, 507, 949, ...
1   162569725  39.875488 -75.362919 -8.38936e+06  4.84787e+06    58.294716  5228.56  3548.93 -1.129005  0.003508  1.47328     20  [237332103, 482382029, 1315285266, 59160796, 1...  [96, 262, 683, 946, 1304, 1393, 2416, 3335, 38...
2  1007122009  41.212159 -80.411883 -8.95141e+06  5.04369e+06    24.217931   5535.6  1392.59 -0.413087  0.004860  3.97504      0                                                 []                                                 []
3    19268550  40.706303 -73.968679 -8.23416e+06  4.96912e+06     6.224934  1781.42  1112.29 -0.954685  4.667818  1.60157     18  [2741212712, 55145066, 28125322, 321569377, 93...  [122, 1260, 1721, 2008, 2151, 2952, 3254, 3576...
4    16543984  40.800160 -74.011880 -8.23896e+06  4.98291e+06   141.036961  42360.4   1059.8 -0.173294  0.001600  39.9703     99  [16137494, 18091951, 483007802, 1486214894, 23...  [22, 321, 332, 481, 654, 704, 718, 1035, 1095,...
2018-12-19 09:22:16,155 INFO: Calculating Color.
2018-12-19 09:22:16,191 INFO: 
           id        lat        lon            x            y         area        a        b     angle  distance    ratio  count                                                ids                                               idxs    color
0   379005817  39.078783 -77.364148 -8.61214e+06  4.73296e+06  3234.374378  65542.5  15707.9  1.118888  0.026306  4.17258    133  [741621378, 2147825826, 1557335678, 21065479, ...  [5, 14, 79, 95, 126, 163, 180, 379, 507, 949, ...  #b22321
1   162569725  39.875488 -75.362919 -8.38936e+06  4.84787e+06    58.294716  5228.56  3548.93 -1.129005  0.003508  1.47328     20  [237332103, 482382029, 1315285266, 59160796, 1...  [96, 262, 683, 946, 1304, 1393, 2416, 3335, 38...  #b52a20
2  1007122009  41.212159 -80.411883 -8.95141e+06  5.04369e+06    24.217931   5535.6  1392.59 -0.413087  0.004860  3.97504      0                                                 []                                                 []   #ffd70
3    19268550  40.706303 -73.968679 -8.23416e+06  4.96912e+06     6.224934  1781.42  1112.29 -0.954685  4.667818  1.60157     18  [2741212712, 55145066, 28125322, 321569377, 93...  [122, 1260, 1721, 2008, 2151, 2952, 3254, 3576...  #b62b20
4    16543984  40.800160 -74.011880 -8.23896e+06  4.98291e+06   141.036961  42360.4   1059.8 -0.173294  0.001600  39.9703     99  [16137494, 18091951, 483007802, 1486214894, 23...  [22, 321, 332, 481, 654, 704, 718, 1035, 1095,...  #b22321
2018-12-19 09:22:16,198 INFO: TweetData:
Name: all
Shape: (10000, 15)
Column Names:
Index(['id', 'lat', 'lon', 'x', 'y', 'area', 'a', 'b', 'angle', 'distance',
       'ratio', 'count', 'ids', 'idxs', 'color'],
      dtype='object')
Column dtypes:
id            int64
lat         float64
lon         float64
x            object
y            object
area        float64
a            object
b            object
angle       float64
distance    float64
ratio        object
count         int64
ids          object
idxs         object
color        object
dtype: object
Max Count: 7674
Max Area: 270282.2171
Max a: 687992.2565586914
Max b: 215337.19836749622
2018-12-19 09:22:16,199 INFO: Writing to JSON: tweet_mean_all.json
2018-12-19 09:22:16,654 INFO: Written.
2018-12-19 09:22:16,654 INFO: Processed.
2018-12-19 09:22:16,654 INFO: Processing: Working
2018-12-19 09:22:16,761 WARNING: id: 69248583 (28): The ellipse area is 0.0 - can not calculate 'a' or 'b'.
2018-12-19 09:22:18,674 WARNING: id: 838127347 (609): The ellipse area is 0.0 - can not calculate 'a' or 'b'.
2018-12-19 09:22:18,709 WARNING: idx: 620 : id 31522752 has area NaN.
2018-12-19 09:22:18,710 WARNING: id: 31522752 (620): The ellipse area is -1.0 - can not calculate 'a' or 'b'.
2018-12-19 09:22:18,753 WARNING: idx: 633 : id 2290226167 has area NaN.
2018-12-19 09:22:18,755 WARNING: id: 2290226167 (633): The ellipse area is -1.0 - can not calculate 'a' or 'b'.
2018-12-19 09:22:18,950 WARNING: idx: 693 : id 554464568 has area NaN.
2018-12-19 09:22:18,952 WARNING: id: 554464568 (693): The ellipse area is -1.0 - can not calculate 'a' or 'b'.
2018-12-19 09:22:19,266 WARNING: id: 152127754 (788): The ellipse area is 0.0 - can not calculate 'a' or 'b'.
2018-12-19 09:22:19,834 WARNING: idx: 961 : id 161759337 has area NaN.
2018-12-19 09:22:19,836 WARNING: id: 161759337 (961): The ellipse area is -1.0 - can not calculate 'a' or 'b'.
2018-12-19 09:22:20,611 WARNING: id: 14272842 (1196): The ellipse area is 0.0 - can not calculate 'a' or 'b'.
2018-12-19 09:22:22,634 WARNING: id: 2264199298 (1808): The ellipse area is 0.0 - can not calculate 'a' or 'b'.
2018-12-19 09:22:23,920 WARNING: id: 400210040 (2195): The ellipse area is 0.0 - can not calculate 'a' or 'b'.
2018-12-19 09:22:24,785 WARNING: idx: 2456 : id 515740780 has area NaN.
2018-12-19 09:22:24,787 WARNING: id: 515740780 (2456): The ellipse area is -1.0 - can not calculate 'a' or 'b'.
2018-12-19 09:22:24,969 WARNING: id: 19056002 (2511): The ellipse area is 0.0 - can not calculate 'a' or 'b'.
2018-12-19 09:22:25,148 WARNING: id: 81913437 (2565): The ellipse area is 0.0 - can not calculate 'a' or 'b'.
2018-12-19 09:22:25,216 WARNING: idx: 2586 : id 494496894 has area NaN.
2018-12-19 09:22:25,218 WARNING: id: 494496894 (2586): The ellipse area is -1.0 - can not calculate 'a' or 'b'.
2018-12-19 09:22:25,235 WARNING: id: 54962882 (2591): The ellipse area is 0.0 - can not calculate 'a' or 'b'.
2018-12-19 09:22:25,364 WARNING: id: 1407738254 (2630): The ellipse area is 0.0 - can not calculate 'a' or 'b'.
2018-12-19 09:22:25,749 WARNING: idx: 2745 : id 2325658724 has area NaN.
2018-12-19 09:22:25,750 WARNING: id: 2325658724 (2745): The ellipse area is -1.0 - can not calculate 'a' or 'b'.
2018-12-19 09:22:25,921 WARNING: id: 1937738089 (2794): The ellipse area is 0.0 - can not calculate 'a' or 'b'.
2018-12-19 09:22:26,138 WARNING: id: 1705798111 (2859): The ellipse area is 0.0 - can not calculate 'a' or 'b'.
2018-12-19 09:22:27,051 WARNING: id: 17424060 (3133): The ellipse area is 0.0 - can not calculate 'a' or 'b'.
2018-12-19 09:22:28,241 WARNING: idx: 3489 : id 298933987 has area NaN.
2018-12-19 09:22:28,243 WARNING: id: 298933987 (3489): The ellipse area is -1.0 - can not calculate 'a' or 'b'.
2018-12-19 09:22:28,464 WARNING: idx: 3556 : id 377394913 has area NaN.
2018-12-19 09:22:28,466 WARNING: id: 377394913 (3556): The ellipse area is -1.0 - can not calculate 'a' or 'b'.
2018-12-19 09:22:29,200 WARNING: idx: 3776 : id 34326636 has area NaN.
2018-12-19 09:22:29,202 WARNING: id: 34326636 (3776): The ellipse area is -1.0 - can not calculate 'a' or 'b'.
2018-12-19 09:22:29,380 WARNING: id: 511169282 (3829): The ellipse area is 0.0 - can not calculate 'a' or 'b'.
2018-12-19 09:22:30,032 WARNING: id: 898269205 (4024): The ellipse area is 0.0 - can not calculate 'a' or 'b'.
2018-12-19 09:22:30,044 WARNING: idx: 4028 : id 1075280328 has area NaN.
2018-12-19 09:22:30,046 WARNING: id: 1075280328 (4028): The ellipse area is -1.0 - can not calculate 'a' or 'b'.
2018-12-19 09:22:31,416 WARNING: idx: 4437 : id 971433606 has area NaN.
2018-12-19 09:22:31,419 WARNING: id: 971433606 (4437): The ellipse area is -1.0 - can not calculate 'a' or 'b'.
2018-12-19 09:22:31,538 WARNING: id: 2889905069 (4472): The ellipse area is 0.0 - can not calculate 'a' or 'b'.
2018-12-19 09:22:31,711 WARNING: idx: 4524 : id 488845496 has area NaN.
2018-12-19 09:22:31,713 WARNING: id: 488845496 (4524): The ellipse area is -1.0 - can not calculate 'a' or 'b'.
2018-12-19 09:22:31,931 WARNING: idx: 4589 : id 24624969 has area NaN.
2018-12-19 09:22:31,933 WARNING: id: 24624969 (4589): The ellipse area is -1.0 - can not calculate 'a' or 'b'.
2018-12-19 09:22:32,298 WARNING: id: 320336872 (4698): The ellipse area is 0.0 - can not calculate 'a' or 'b'.
2018-12-19 09:22:32,579 WARNING: id: 86292366 (4781): The ellipse area is 0.0 - can not calculate 'a' or 'b'.
2018-12-19 09:22:32,586 WARNING: id: 807512228 (4783): The ellipse area is 0.0 - can not calculate 'a' or 'b'.
2018-12-19 09:22:32,785 WARNING: id: 339375575 (4842): The ellipse area is 0.0 - can not calculate 'a' or 'b'.
2018-12-19 09:22:32,826 WARNING: id: 23105299 (4854): The ellipse area is 0.0 - can not calculate 'a' or 'b'.
2018-12-19 09:22:33,473 WARNING: id: 332382596 (5046): The ellipse area is 0.0 - can not calculate 'a' or 'b'.
2018-12-19 09:22:35,171 WARNING: idx: 5549 : id 21034183 has area NaN.
2018-12-19 09:22:35,173 WARNING: id: 21034183 (5549): The ellipse area is -1.0 - can not calculate 'a' or 'b'.
2018-12-19 09:22:35,235 WARNING: id: 173166044 (5567): The ellipse area is 0.0 - can not calculate 'a' or 'b'.
2018-12-19 09:22:36,305 WARNING: idx: 5883 : id 27625330 has area NaN.
2018-12-19 09:22:36,307 WARNING: id: 27625330 (5883): The ellipse area is -1.0 - can not calculate 'a' or 'b'.
2018-12-19 09:22:37,915 WARNING: id: 46700324 (6355): The ellipse area is 0.0 - can not calculate 'a' or 'b'.
2018-12-19 09:22:41,387 WARNING: id: 2887829170 (7371): The ellipse area is 0.0 - can not calculate 'a' or 'b'.
2018-12-19 09:22:41,864 WARNING: id: 635724528 (7510): The ellipse area is 0.0 - can not calculate 'a' or 'b'.
2018-12-19 09:22:42,081 WARNING: id: 2256787436 (7573): The ellipse area is 0.0 - can not calculate 'a' or 'b'.
2018-12-19 09:22:42,454 WARNING: id: 1224459138 (7682): The ellipse area is 0.0 - can not calculate 'a' or 'b'.
2018-12-19 09:22:43,795 WARNING: id: 1952290076 (8073): The ellipse area is 0.0 - can not calculate 'a' or 'b'.
2018-12-19 09:22:43,868 WARNING: id: 28092935 (8094): The ellipse area is 0.0 - can not calculate 'a' or 'b'.
2018-12-19 09:22:44,534 WARNING: id: 216552818 (8286): The ellipse area is 0.0 - can not calculate 'a' or 'b'.
2018-12-19 09:22:46,169 WARNING: id: 2884841297 (8760): The ellipse area is 0.0 - can not calculate 'a' or 'b'.
2018-12-19 09:22:47,669 WARNING: idx: 9192 : id 2764476093 has area NaN.
2018-12-19 09:22:47,671 WARNING: id: 2764476093 (9192): The ellipse area is -1.0 - can not calculate 'a' or 'b'.
2018-12-19 09:22:48,180 WARNING: idx: 9338 : id 181188448 has area NaN.
2018-12-19 09:22:48,182 WARNING: id: 181188448 (9338): The ellipse area is -1.0 - can not calculate 'a' or 'b'.
2018-12-19 09:22:49,518 WARNING: id: 81214475 (9721): The ellipse area is 0.0 - can not calculate 'a' or 'b'.
2018-12-19 09:22:50,315 WARNING: idx: 9949 : id 1201909004 has area NaN.
2018-12-19 09:22:50,317 WARNING: id: 1201909004 (9949): The ellipse area is -1.0 - can not calculate 'a' or 'b'.
2018-12-19 09:22:50,495 INFO: Find Datapoints Enclosed within Ellipse.
2018-12-19 09:26:49,555 INFO: 
           id        lat        lon            x            y         area        a        b     angle  distance    ratio  count                                                ids                                               idxs
0   379005817  39.055451 -77.479894 -8.62502e+06  4.72962e+06  2634.563874  59345.3    14131  1.195009  0.026306  4.19966     59  [741621378, 2147825826, 21065479, 418177161, 1...  [5, 14, 95, 126, 379, 465, 507, 534, 949, 1159...
1   162569725  39.862050 -75.345307  -8.3874e+06  4.84592e+06    40.391058  3876.33  3316.77 -0.913374  0.003508  1.16871     15  [237332103, 1315285266, 370825213, 335539500, ...  [96, 683, 1112, 1393, 3417, 3850, 4550, 4858, ...
2  1007122009  41.219643 -80.413695 -8.95161e+06  5.04479e+06     0.109000  1727.72  20.0818 -1.551295  0.004860  86.0339      0                                                 []                                                 []
3    19268550  40.721406 -73.993624 -8.23693e+06  4.97134e+06     8.790000  1991.82  1404.72 -0.942907  4.667818  1.41795    138  [77883900, 213183230, 2741212712, 2891177108, ...  [56, 108, 122, 371, 476, 509, 551, 556, 600, 6...
4    16543984  40.734925 -74.000698 -8.23772e+06  4.97332e+06   440.508732  75077.1  1867.66 -0.173311  0.001600  40.1986    460  [19268550, 8069562, 77883900, 2346066588, 2131...  [3, 40, 56, 63, 108, 201, 228, 229, 242, 254, ...
2018-12-19 09:26:49,563 INFO: Calculating Color.
2018-12-19 09:26:49,598 INFO: 
           id        lat        lon            x            y         area        a        b     angle  distance    ratio  count                                                ids                                               idxs    color
0   379005817  39.055451 -77.479894 -8.62502e+06  4.72962e+06  2634.563874  59345.3    14131  1.195009  0.026306  4.19966     59  [741621378, 2147825826, 21065479, 418177161, 1...  [5, 14, 95, 126, 379, 465, 507, 534, 949, 1159...  #b32521
1   162569725  39.862050 -75.345307  -8.3874e+06  4.84592e+06    40.391058  3876.33  3316.77 -0.913374  0.003508  1.16871     15  [237332103, 1315285266, 370825213, 335539500, ...  [96, 683, 1112, 1393, 3417, 3850, 4550, 4858, ...  #b62d1f
2  1007122009  41.219643 -80.413695 -8.95161e+06  5.04479e+06     0.109000  1727.72  20.0818 -1.551295  0.004860  86.0339      0                                                 []                                                 []   #ffd70
3    19268550  40.721406 -73.993624 -8.23693e+06  4.97134e+06     8.790000  1991.82  1404.72 -0.942907  4.667818  1.41795    138  [77883900, 213183230, 2741212712, 2891177108, ...  [56, 108, 122, 371, 476, 509, 551, 556, 600, 6...  #b22321
4    16543984  40.734925 -74.000698 -8.23772e+06  4.97332e+06   440.508732  75077.1  1867.66 -0.173311  0.001600  40.1986    460  [19268550, 8069562, 77883900, 2346066588, 2131...  [3, 40, 56, 63, 108, 201, 228, 229, 242, 254, ...  #b22221
2018-12-19 09:26:49,605 INFO: TweetData:
Name: working
Shape: (10000, 15)
Column Names:
Index(['id', 'lat', 'lon', 'x', 'y', 'area', 'a', 'b', 'angle', 'distance',
       'ratio', 'count', 'ids', 'idxs', 'color'],
      dtype='object')
Column dtypes:
id            int64
lat         float64
lon         float64
x            object
y            object
area        float64
a            object
b            object
angle       float64
distance    float64
ratio        object
count         int64
ids          object
idxs         object
color        object
dtype: object
Max Count: 8160
Max Area: 312798.0035
Max a: 411844.32573236426
Max b: 331182.3390314232
2018-12-19 09:26:49,606 INFO: Writing to JSON: tweets_median_working.json
2018-12-19 09:26:50,174 INFO: Written.
2018-12-19 09:26:50,174 INFO: Processed.
2018-12-19 09:26:50,174 INFO: Processing: Non-Working
2018-12-19 09:26:50,282 WARNING: id: 69248583 (28): The ellipse area is 0.0 - can not calculate 'a' or 'b'.
2018-12-19 09:26:51,078 WARNING: idx: 270 : id 2382260702 has area NaN.
2018-12-19 09:26:51,080 WARNING: id: 2382260702 (270): The ellipse area is -1.0 - can not calculate 'a' or 'b'.
2018-12-19 09:26:51,680 WARNING: id: 291513659 (452): The ellipse area is 0.0 - can not calculate 'a' or 'b'.
2018-12-19 09:26:52,198 WARNING: idx: 609 : id 838127347 has area NaN.
2018-12-19 09:26:52,200 WARNING: id: 838127347 (609): The ellipse area is -1.0 - can not calculate 'a' or 'b'.
2018-12-19 09:26:52,237 WARNING: id: 31522752 (620): The ellipse area is 0.0 - can not calculate 'a' or 'b'.
2018-12-19 09:26:52,280 WARNING: id: 2290226167 (633): The ellipse area is 0.0 - can not calculate 'a' or 'b'.
2018-12-19 09:26:53,365 WARNING: id: 161759337 (961): The ellipse area is 0.0 - can not calculate 'a' or 'b'.
2018-12-19 09:26:54,138 WARNING: id: 14272842 (1196): The ellipse area is 0.0 - can not calculate 'a' or 'b'.
2018-12-19 09:26:55,044 WARNING: id: 481175352 (1470): The ellipse area is 0.0 - can not calculate 'a' or 'b'.
2018-12-19 09:26:56,842 WARNING: idx: 2012 : id 271528222 has area NaN.
2018-12-19 09:26:56,844 WARNING: id: 271528222 (2012): The ellipse area is -1.0 - can not calculate 'a' or 'b'.
2018-12-19 09:26:57,453 WARNING: id: 400210040 (2195): The ellipse area is 0.0 - can not calculate 'a' or 'b'.
2018-12-19 09:26:58,320 WARNING: id: 515740780 (2456): The ellipse area is 0.0 - can not calculate 'a' or 'b'.
2018-12-19 09:26:58,504 WARNING: id: 19056002 (2511): The ellipse area is 0.0 - can not calculate 'a' or 'b'.
2018-12-19 09:26:58,683 WARNING: idx: 2565 : id 81913437 has area NaN.
2018-12-19 09:26:58,685 WARNING: id: 81913437 (2565): The ellipse area is -1.0 - can not calculate 'a' or 'b'.
2018-12-19 09:26:58,756 WARNING: id: 494496894 (2586): The ellipse area is 0.0 - can not calculate 'a' or 'b'.
2018-12-19 09:26:58,902 WARNING: id: 1407738254 (2630): The ellipse area is 0.0 - can not calculate 'a' or 'b'.
2018-12-19 09:26:58,954 WARNING: idx: 2646 : id 39911867 has area NaN.
2018-12-19 09:26:58,956 WARNING: id: 39911867 (2646): The ellipse area is -1.0 - can not calculate 'a' or 'b'.
2018-12-19 09:26:59,285 WARNING: idx: 2745 : id 2325658724 has area NaN.
2018-12-19 09:26:59,287 WARNING: id: 2325658724 (2745): The ellipse area is -1.0 - can not calculate 'a' or 'b'.
2018-12-19 09:26:59,302 WARNING: idx: 2750 : id 226657327 has area NaN.
2018-12-19 09:26:59,304 WARNING: id: 226657327 (2750): The ellipse area is -1.0 - can not calculate 'a' or 'b'.
2018-12-19 09:26:59,667 WARNING: idx: 2859 : id 1705798111 has area NaN.
2018-12-19 09:26:59,669 WARNING: id: 1705798111 (2859): The ellipse area is -1.0 - can not calculate 'a' or 'b'.
2018-12-19 09:27:00,585 WARNING: id: 17424060 (3133): The ellipse area is 0.0 - can not calculate 'a' or 'b'.
2018-12-19 09:27:02,674 WARNING: id: 416411941 (3757): The ellipse area is 0.0 - can not calculate 'a' or 'b'.
2018-12-19 09:27:02,742 WARNING: id: 2850900500 (3777): The ellipse area is 0.0 - can not calculate 'a' or 'b'.
2018-12-19 09:27:02,917 WARNING: id: 511169282 (3829): The ellipse area is 0.0 - can not calculate 'a' or 'b'.
2018-12-19 09:27:03,572 WARNING: idx: 4024 : id 898269205 has area NaN.
2018-12-19 09:27:03,574 WARNING: id: 898269205 (4024): The ellipse area is -1.0 - can not calculate 'a' or 'b'.
2018-12-19 09:27:04,353 WARNING: idx: 4256 : id 46952612 has area NaN.
2018-12-19 09:27:04,355 WARNING: id: 46952612 (4256): The ellipse area is -1.0 - can not calculate 'a' or 'b'.
2018-12-19 09:27:04,964 WARNING: id: 971433606 (4437): The ellipse area is 0.0 - can not calculate 'a' or 'b'.
2018-12-19 09:27:05,083 WARNING: id: 2889905069 (4472): The ellipse area is 0.0 - can not calculate 'a' or 'b'.
2018-12-19 09:27:05,150 WARNING: id: 622134235 (4492): The ellipse area is 0.0 - can not calculate 'a' or 'b'.
2018-12-19 09:27:05,296 WARNING: idx: 4536 : id 33970607 has area NaN.
2018-12-19 09:27:05,298 WARNING: id: 33970607 (4536): The ellipse area is -1.0 - can not calculate 'a' or 'b'.
2018-12-19 09:27:05,478 WARNING: id: 24624969 (4589): The ellipse area is 0.0 - can not calculate 'a' or 'b'.
2018-12-19 09:27:05,845 WARNING: idx: 4698 : id 320336872 has area NaN.
2018-12-19 09:27:05,847 WARNING: id: 320336872 (4698): The ellipse area is -1.0 - can not calculate 'a' or 'b'.
2018-12-19 09:27:06,125 WARNING: id: 86292366 (4781): The ellipse area is 0.0 - can not calculate 'a' or 'b'.
2018-12-19 09:27:06,132 WARNING: id: 807512228 (4783): The ellipse area is 0.0 - can not calculate 'a' or 'b'.
2018-12-19 09:27:07,026 WARNING: id: 332382596 (5046): The ellipse area is 0.0 - can not calculate 'a' or 'b'.
2018-12-19 09:27:10,206 WARNING: idx: 5982 : id 262680927 has area NaN.
2018-12-19 09:27:10,208 WARNING: id: 262680927 (5982): The ellipse area is -1.0 - can not calculate 'a' or 'b'.
2018-12-19 09:27:11,488 WARNING: id: 46700324 (6355): The ellipse area is 0.0 - can not calculate 'a' or 'b'.
2018-12-19 09:27:12,196 WARNING: id: 963676094 (6561): The ellipse area is 0.0 - can not calculate 'a' or 'b'.
2018-12-19 09:27:14,974 WARNING: idx: 7371 : id 2887829170 has area NaN.
2018-12-19 09:27:14,976 WARNING: id: 2887829170 (7371): The ellipse area is -1.0 - can not calculate 'a' or 'b'.
2018-12-19 09:27:15,675 WARNING: id: 2256787436 (7573): The ellipse area is 0.0 - can not calculate 'a' or 'b'.
2018-12-19 09:27:17,482 WARNING: id: 28092935 (8094): The ellipse area is 0.0 - can not calculate 'a' or 'b'.
2018-12-19 09:27:18,825 WARNING: idx: 8483 : id 258265062 has area NaN.
2018-12-19 09:27:18,827 WARNING: id: 258265062 (8483): The ellipse area is -1.0 - can not calculate 'a' or 'b'.
2018-12-19 09:27:19,792 WARNING: id: 2884841297 (8760): The ellipse area is 0.0 - can not calculate 'a' or 'b'.
2018-12-19 09:27:19,804 WARNING: idx: 8764 : id 2775935861 has area NaN.
2018-12-19 09:27:19,806 WARNING: id: 2775935861 (8764): The ellipse area is -1.0 - can not calculate 'a' or 'b'.
2018-12-19 09:27:20,137 WARNING: id: 24364434 (8858): The ellipse area is 0.0 - can not calculate 'a' or 'b'.
2018-12-19 09:27:21,304 WARNING: idx: 9192 : id 2764476093 has area NaN.
2018-12-19 09:27:21,306 WARNING: id: 2764476093 (9192): The ellipse area is -1.0 - can not calculate 'a' or 'b'.
2018-12-19 09:27:23,954 WARNING: idx: 9949 : id 1201909004 has area NaN.
2018-12-19 09:27:23,956 WARNING: id: 1201909004 (9949): The ellipse area is -1.0 - can not calculate 'a' or 'b'.
2018-12-19 09:27:24,134 INFO: Find Datapoints Enclosed within Ellipse.
2018-12-19 09:31:45,604 INFO: 
           id        lat        lon            x            y         area        a        b     angle  distance    ratio  count                                                ids                                               idxs
0   379005817  39.055521 -77.480186 -8.62505e+06  4.72963e+06  3444.036791  68810.6  15931.7  1.104021  0.026306   4.3191     74  [2147825826, 418177161, 524797199, 14283832, 3...  [14, 126, 180, 379, 465, 770, 949, 995, 1159, ...
1   162569725  39.862025 -75.345283  -8.3874e+06  4.84591e+06    61.436089  6007.83  3255.04 -1.444495  0.003508   1.8457     14  [237332103, 335539500, 516012832, 45710750, 22...  [96, 1393, 1563, 3417, 3850, 4746, 4858, 5642,...
2  1007122009  41.219649 -80.413752 -8.95162e+06  5.04479e+06    22.745786  13178.6  549.393 -0.402301  0.004860  23.9875      0                                                 []                                                 []
3    19268550  40.694131 -73.951400 -8.23223e+06  4.96733e+06     5.050000     1666  964.863 -0.974432  4.667818  1.72667      9  [34684718, 55145066, 290357006, 25433413, 3474...  [735, 1260, 2767, 3080, 3254, 5959, 6462, 7338...
4    16543984  40.734913 -74.000709 -8.23772e+06  4.97332e+06     0.029700  266.448  35.4808  1.181133  0.001600  7.50963      0                                                 []                                                 []
2018-12-19 09:31:45,610 INFO: Calculating Color.
2018-12-19 09:31:45,649 INFO: 
           id        lat        lon            x            y         area        a        b     angle  distance    ratio  count                                                ids                                               idxs    color
0   379005817  39.055521 -77.480186 -8.62505e+06  4.72963e+06  3444.036791  68810.6  15931.7  1.104021  0.026306   4.3191     74  [2147825826, 418177161, 524797199, 14283832, 3...  [14, 126, 180, 379, 465, 770, 949, 995, 1159, ...  #b32421
1   162569725  39.862025 -75.345283  -8.3874e+06  4.84591e+06    61.436089  6007.83  3255.04 -1.444495  0.003508   1.8457     14  [237332103, 335539500, 516012832, 45710750, 22...  [96, 1393, 1563, 3417, 3850, 4746, 4858, 5642,...  #b72e1f
2  1007122009  41.219649 -80.413752 -8.95162e+06  5.04479e+06    22.745786  13178.6  549.393 -0.402301  0.004860  23.9875      0                                                 []                                                 []   #ffd70
3    19268550  40.694131 -73.951400 -8.23223e+06  4.96733e+06     5.050000     1666  964.863 -0.974432  4.667818  1.72667      9  [34684718, 55145066, 290357006, 25433413, 3474...  [735, 1260, 2767, 3080, 3254, 5959, 6462, 7338...  #b9341e
4    16543984  40.734913 -74.000709 -8.23772e+06  4.97332e+06     0.029700  266.448  35.4808  1.181133  0.001600  7.50963      0                                                 []                                                 []   #ffd70
2018-12-19 09:31:45,656 INFO: TweetData:
Name: non-working
Shape: (10000, 15)
Column Names:
Index(['id', 'lat', 'lon', 'x', 'y', 'area', 'a', 'b', 'angle', 'distance',
       'ratio', 'count', 'ids', 'idxs', 'color'],
      dtype='object')
Column dtypes:
id            int64
lat         float64
lon         float64
x            object
y            object
area        float64
a            object
b            object
angle       float64
distance    float64
ratio        object
count         int64
ids          object
idxs         object
color        object
dtype: object
Max Count: 6283
Max Area: 309263.8718
Max a: 756933.6718106344
Max b: 176332.58844206968
2018-12-19 09:31:45,657 INFO: Writing to JSON: tweets_median_non_working.json
2018-12-19 09:31:46,138 INFO: Written.
2018-12-19 09:31:46,138 INFO: Processed.
