2018-12-23 12:00:15,602 INFO: - - - - - - - - - - - - - - - - - - - - - - - - - - - - - - - -
2018-12-23 12:00:15,602 INFO: Tweet Spatial Analysis: Config:
2018-12-23 12:00:15,604 INFO: Latitude: [37, 43]
2018-12-23 12:04:56,711 INFO: - - - - - - - - - - - - - - - - - - - - - - - - - - - - - - - -
2018-12-23 12:04:56,711 INFO: Tweet Spatial Analysis: Config:
2018-12-23 12:04:56,720 INFO: Latitude: None
2018-12-23 12:05:46,722 INFO: - - - - - - - - - - - - - - - - - - - - - - - - - - - - - - - -
2018-12-23 12:05:46,723 INFO: Tweet Spatial Analysis: Config:
2018-12-23 12:05:46,724 INFO: Latitude: None
2018-12-23 12:06:37,062 INFO: - - - - - - - - - - - - - - - - - - - - - - - - - - - - - - - -
2018-12-23 12:06:37,063 INFO: Tweet Spatial Analysis: Config:
2018-12-23 12:06:37,064 INFO: Range List: ['37,', '43']
2018-12-23 12:06:37,064 INFO: Latitude: None
2018-12-23 12:07:20,679 INFO: - - - - - - - - - - - - - - - - - - - - - - - - - - - - - - - -
2018-12-23 12:07:20,680 INFO: Tweet Spatial Analysis: Config:
2018-12-23 12:07:20,681 INFO: Range List: ['37,', '43']
2018-12-23 12:07:20,681 INFO: Latitude: 37, to 43
2018-12-23 12:08:16,466 INFO: - - - - - - - - - - - - - - - - - - - - - - - - - - - - - - - -
2018-12-23 12:08:16,466 INFO: Tweet Spatial Analysis: Config:
2018-12-23 12:08:16,467 INFO: Range List: ['37,', '43']
2018-12-23 12:08:41,748 INFO: - - - - - - - - - - - - - - - - - - - - - - - - - - - - - - - -
2018-12-23 12:08:41,748 INFO: Tweet Spatial Analysis: Config:
2018-12-23 12:08:41,749 INFO: Range List: ['37.0,', '43.0']
2018-12-23 12:10:00,941 INFO: - - - - - - - - - - - - - - - - - - - - - - - - - - - - - - - -
2018-12-23 12:10:00,941 INFO: Tweet Spatial Analysis: Config:
2018-12-23 12:10:00,942 INFO: Range List: ['37.0,', '43.0']
2018-12-23 12:10:24,674 INFO: - - - - - - - - - - - - - - - - - - - - - - - - - - - - - - - -
2018-12-23 12:10:24,674 INFO: Tweet Spatial Analysis: Config:
2018-12-23 12:10:24,675 INFO: Range List: ['37.0,', '43.0']
2018-12-23 12:10:34,867 INFO: - - - - - - - - - - - - - - - - - - - - - - - - - - - - - - - -
2018-12-23 12:10:34,867 INFO: Tweet Spatial Analysis: Config:
2018-12-23 12:10:34,868 INFO: Range List: ['37.0,', '43.0']
2018-12-23 12:10:51,625 INFO: - - - - - - - - - - - - - - - - - - - - - - - - - - - - - - - -
2018-12-23 12:10:51,625 INFO: Tweet Spatial Analysis: Config:
2018-12-23 12:10:51,626 INFO: Range List: ['37.0,', '43.0']
2018-12-23 12:11:08,586 INFO: - - - - - - - - - - - - - - - - - - - - - - - - - - - - - - - -
2018-12-23 12:11:08,586 INFO: Tweet Spatial Analysis: Config:
2018-12-23 12:11:08,588 INFO: Range List: ['37.0,', '43.0']
2018-12-23 12:11:08,588 INFO: Latitude: 7.0 to 3.0
2018-12-23 12:11:30,088 INFO: - - - - - - - - - - - - - - - - - - - - - - - - - - - - - - - -
2018-12-23 12:11:30,089 INFO: Tweet Spatial Analysis: Config:
2018-12-23 12:11:30,090 INFO: Range List: ['37.0,', '43.0']
2018-12-23 12:11:30,090 INFO: Latitude: 37.0 to 43.0
2018-12-23 14:01:28,671 INFO: - - - - - - - - - - - - - - - - - - - - - - - - - - - - - - - -
2018-12-23 14:01:28,671 INFO: Tweet Spatial Analysis: Config:
2018-12-23 14:01:28,673 INFO: Range List: ['37.0,', '43.0']
2018-12-23 14:01:28,673 INFO: Range List: ['[-78.0,', '-72.0]']
2018-12-23 14:01:39,392 INFO: - - - - - - - - - - - - - - - - - - - - - - - - - - - - - - - -
2018-12-23 14:01:39,393 INFO: Tweet Spatial Analysis: Config:
2018-12-23 14:01:39,394 INFO: Range List: ['37.0,', '43.0']
2018-12-23 14:01:39,394 INFO: Range List: ['-78.0,', '-72.0']
2018-12-23 14:01:39,394 INFO: Latitude: 37.0 to 43.0
2018-12-23 14:01:39,394 INFO: TweetSpatialAnalysisConfig:
Filename: tweet_spatial_analysis.ini
Latitude: 37.0 to 43.0
Longitude: -78.0 to -72.0
2018-12-23 14:04:14,368 INFO: - - - - - - - - - - - - - - - - - - - - - - - - - - - - - - - -
2018-12-23 14:04:14,368 INFO: Tweet Spatial Analysis: Config:
2018-12-23 14:04:14,370 INFO: Range List: ['37.0,', '43.0']
2018-12-23 14:04:14,370 INFO: Range List: ['-78.0,', '-72.0']
2018-12-23 14:04:14,370 INFO: Range List: ['0,', '8200']
2018-12-23 14:04:14,370 INFO: Range List: ['0,', '320000']
2018-12-23 14:04:14,370 INFO: Range List: ['0,', '850']
2018-12-23 14:04:14,370 INFO: Range List: ['0,', '100']
2018-12-23 14:04:14,370 INFO: TweetSpatialAnalysisConfig:
Filename: tweet_spatial_analysis.ini
Latitude: 37.0 to 43.0
Longitude: -78.0 to -72.0
Count: 0.0 to 820.0
Area: 0.0 to 32000.0
Distance: 0.0 to 85.0
Ratio: 0.0 to 10.0
2018-12-23 14:05:26,376 INFO: - - - - - - - - - - - - - - - - - - - - - - - - - - - - - - - -
2018-12-23 14:05:26,376 INFO: Tweet Spatial Analysis: Config:
2018-12-23 14:05:26,378 INFO: Range List: ['37.0,', '43.0']
2018-12-23 14:05:26,378 INFO: Range List: ['-78.0,', '-72.0']
2018-12-23 14:05:26,378 INFO: Range List: ['0,', '8200']
2018-12-23 14:05:26,378 INFO: Range List: ['0,', '320000']
2018-12-23 14:05:26,378 INFO: Range List: ['0,', '850']
2018-12-23 14:05:26,378 INFO: Range List: ['0,', '100']
2018-12-23 14:05:26,378 INFO: TweetSpatialAnalysisConfig:
Filename: tweet_spatial_analysis.ini
Latitude: 37.0 to 43.0
Longitude: -78.0 to -72.0
Count: 0.0 to 820.0
Area: 0.0 to 32000.0
Distance: 0.0 to 85.0
Ratio: 0.0 to 10.0
2018-12-23 14:05:49,645 INFO: - - - - - - - - - - - - - - - - - - - - - - - - - - - - - - - -
2018-12-23 14:05:49,645 INFO: Tweet Spatial Analysis: Config:
2018-12-23 14:05:49,646 INFO: Range List: ['37.0', '43.0']
2018-12-23 14:05:49,646 INFO: Range List: ['-78.0', '-72.0']
2018-12-23 14:05:49,646 INFO: Range List: ['0', '8200']
2018-12-23 14:06:10,419 INFO: - - - - - - - - - - - - - - - - - - - - - - - - - - - - - - - -
2018-12-23 14:06:10,419 INFO: Tweet Spatial Analysis: Config:
2018-12-23 14:06:10,421 INFO: Range List: ['37.0', '43.0']
2018-12-23 14:06:10,421 INFO: Range List: ['-78.0', '-72.0']
2018-12-23 14:06:10,421 INFO: Range List: ['0', '8200']
2018-12-23 14:06:10,421 INFO: Range List: ['0', '320000']
2018-12-23 14:06:10,421 INFO: Range List: ['0', '850']
2018-12-23 14:06:10,421 INFO: Range List: ['0', '100']
2018-12-23 14:06:10,421 INFO: TweetSpatialAnalysisConfig:
Filename: tweet_spatial_analysis.ini
Latitude: 37.0 to 43.0
Longitude: -78.0 to -72.0
Count: 0.0 to 8200.0
Area: 0.0 to 320000.0
Distance: 0.0 to 850.0
Ratio: 0.0 to 100.0
2018-12-23 14:33:46,610 INFO: - - - - - - - - - - - - - - - - - - - - - - - - - - - - - - - -
2018-12-23 14:33:46,628 INFO: Tweet Spatial Analysis: Config:
2018-12-23 14:33:46,629 DEBUG: Range List: ['37.0', '43.0']
2018-12-23 14:33:46,629 DEBUG: Range List: ['-78.0', '-72.0']
2018-12-23 14:33:46,629 DEBUG: Range List: ['0', '8200', '1']
2018-12-23 14:33:46,629 DEBUG: Range List: ['0', '320000', '100']
2018-12-23 14:33:46,629 DEBUG: Range List: ['0', '850', '10']
2018-12-23 14:33:46,629 DEBUG: Range List: ['0', '100', '2']
2018-12-23 14:33:46,629 INFO: TweetSpatialAnalysisConfig:
Filename: tweet_spatial_analysis.ini
Latitude: 37.0 to 43.0
Longitude: -78.0 to -72.0
Count: 0.0 to 8200.0
Area: 0.0 to 320000.0
Distance: 0.0 to 850.0
Ratio: 0.0 to 100.0
2018-12-30 11:15:07,002 INFO: - - - - - - - - - - - - - - - - - - - - - - - - - - - - - - - -
2018-12-30 11:15:07,035 INFO: Tweet Spatial Analysis: Config:
2018-12-30 11:15:07,039 DEBUG: Range List: ['37.0', '43.0']
2018-12-30 11:15:07,040 DEBUG: Range List: ['-78.0', '-72.0']
2018-12-30 11:15:07,040 DEBUG: Range List: ['0', '8200', '1']
2018-12-30 11:15:07,040 DEBUG: Range List: ['0', '320000', '100']
2018-12-30 11:15:07,041 DEBUG: Range List: ['0', '850', '10']
2018-12-30 11:15:07,041 DEBUG: Range List: ['0', '100', '2']
2018-12-30 11:15:07,041 DEBUG: Range List: ['0', '1', '2', '3', '4', '5', '6', '7', '8', '9', '10', '15', '20', '25', '50', '75', '100', '150', '200', '250', '500']
2018-12-30 11:15:07,042 INFO: TweetSpatialAnalysisConfig:
Filename: tweet_spatial_analysis.ini
Ranges:
Latitude: 37.0 to 43.0
Longitude: -78.0 to -72.0
Count: 0.0 to 8200.0 step: 1.0
Area: 0.0 to 320000.0 step: 100.0
Distance: 0.0 to 850.0 step: 10.0
Ratio: 0.0 to 100.0 step: 2.0
Histograms:
Bins Count: [0.0, 1.0, 2.0, 3.0, 4.0, 5.0, 6.0, 7.0, 8.0, 9.0, 10.0, 15.0, 20.0, 25.0, 50.0, 75.0, 100.0, 150.0, 200.0, 250.0, 500.0]
Bins Count Text: []
2018-12-30 11:15:44,537 INFO: - - - - - - - - - - - - - - - - - - - - - - - - - - - - - - - -
2018-12-30 11:15:44,537 INFO: Tweet Spatial Analysis: Config:
2018-12-30 11:15:44,539 DEBUG: Range List: ['37.0', '43.0']
2018-12-30 11:15:44,539 DEBUG: Range List: ['-78.0', '-72.0']
2018-12-30 11:15:44,539 DEBUG: Range List: ['0', '8200', '1']
2018-12-30 11:15:44,539 DEBUG: Range List: ['0', '320000', '100']
2018-12-30 11:15:44,539 DEBUG: Range List: ['0', '850', '10']
2018-12-30 11:15:44,539 DEBUG: Range List: ['0', '100', '2']
2018-12-30 11:15:44,539 DEBUG: Range List: ['0', '1', '2', '3', '4', '5', '6', '7', '8', '9', '10', '15', '20', '25', '50', '75', '100', '150', '200', '250', '500']
2018-12-30 11:15:44,540 INFO: TweetSpatialAnalysisConfig:
Filename: tweet_spatial_analysis.ini
Ranges:
Latitude: 37.0 to 43.0
Longitude: -78.0 to -72.0
Count: 0.0 to 8200.0 step: 1.0
Area: 0.0 to 320000.0 step: 100.0
Distance: 0.0 to 850.0 step: 10.0
Ratio: 0.0 to 100.0 step: 2.0
Histograms:
Bins Count: [0.0, 1.0, 2.0, 3.0, 4.0, 5.0, 6.0, 7.0, 8.0, 9.0, 10.0, 15.0, 20.0, 25.0, 50.0, 75.0, 100.0, 150.0, 200.0, 250.0, 500.0]
Bins Count Text: [0.0, 1.0, 2.0, 3.0, 4.0, 5.0, 6.0, 7.0, 8.0, 9.0, 10.0, 15.0, 20.0, 25.0, 50.0, 75.0, 100.0, 150.0, 200.0, 250.0]
2018-12-30 11:16:42,950 INFO: - - - - - - - - - - - - - - - - - - - - - - - - - - - - - - - -
2018-12-30 11:16:42,950 INFO: Tweet Spatial Analysis: Config:
2018-12-30 11:16:42,952 DEBUG: Range List: ['37.0', '43.0']
2018-12-30 11:16:42,952 DEBUG: Range List: ['-78.0', '-72.0']
2018-12-30 11:16:42,952 DEBUG: Range List: ['0', '8200', '1']
2018-12-30 11:16:42,952 DEBUG: Range List: ['0', '320000', '100']
2018-12-30 11:16:42,952 DEBUG: Range List: ['0', '850', '10']
2018-12-30 11:16:42,952 DEBUG: Range List: ['0', '100', '2']
2018-12-30 11:16:42,952 DEBUG: Range List: ['0', '1', '2', '3', '4', '5', '6', '7', '8', '9', '10', '15', '20', '25', '50', '75', '100', '150', '200', '250', '500']
2018-12-30 11:16:42,952 INFO: TweetSpatialAnalysisConfig:
Filename: tweet_spatial_analysis.ini
Ranges:
Latitude: 37.0 to 43.0
Longitude: -78.0 to -72.0
Count: 0.0 to 8200.0 step: 1.0
Area: 0.0 to 320000.0 step: 100.0
Distance: 0.0 to 850.0 step: 10.0
Ratio: 0.0 to 100.0 step: 2.0
Histograms:
Bins Count: [0.0, 1.0, 2.0, 3.0, 4.0, 5.0, 6.0, 7.0, 8.0, 9.0, 10.0, 15.0, 20.0, 25.0, 50.0, 75.0, 100.0, 150.0, 200.0, 250.0, 500.0]
Bins Count Text: ['0', '1', '2', '3', '4', '5', '6', '7', '8', '9', '10.0 - 14.0', '15.0 - 19.0', '20.0 - 24.0', '25.0 - 49.0', '50.0 - 74.0', '75.0 - 99.0', '100.0 - 149.0', '150.0 - 199.0', '200.0 - 249.0', '250.0 - 499.0']
2018-12-30 11:18:03,703 INFO: - - - - - - - - - - - - - - - - - - - - - - - - - - - - - - - -
2018-12-30 11:18:03,703 INFO: Tweet Spatial Analysis: Config:
2018-12-30 11:18:03,704 DEBUG: Range List: ['37.0', '43.0']
2018-12-30 11:18:03,704 DEBUG: Range List: ['-78.0', '-72.0']
2018-12-30 11:18:03,704 DEBUG: Range List: ['0', '8200', '1']
2018-12-30 11:18:03,704 DEBUG: Range List: ['0', '320000', '100']
2018-12-30 11:18:03,704 DEBUG: Range List: ['0', '850', '10']
2018-12-30 11:18:03,705 DEBUG: Range List: ['0', '100', '2']
2018-12-30 11:18:03,705 DEBUG: Range List: ['0', '1', '2', '3', '4', '5', '6', '7', '8', '9', '10', '15', '20', '25', '50', '75', '100', '150', '200', '250', '500']
2018-12-30 11:18:35,291 INFO: - - - - - - - - - - - - - - - - - - - - - - - - - - - - - - - -
2018-12-30 11:18:35,291 INFO: Tweet Spatial Analysis: Config:
2018-12-30 11:18:35,292 DEBUG: Range List: ['37.0', '43.0']
2018-12-30 11:18:35,292 DEBUG: Range List: ['-78.0', '-72.0']
2018-12-30 11:18:35,292 DEBUG: Range List: ['0', '8200', '1']
2018-12-30 11:18:35,292 DEBUG: Range List: ['0', '320000', '100']
2018-12-30 11:18:35,293 DEBUG: Range List: ['0', '850', '10']
2018-12-30 11:18:35,293 DEBUG: Range List: ['0', '100', '2']
2018-12-30 11:18:35,293 DEBUG: Range List: ['0', '1', '2', '3', '4', '5', '6', '7', '8', '9', '10', '15', '20', '25', '50', '75', '100', '150', '200', '250', '500']
2018-12-30 11:18:35,293 INFO: TweetSpatialAnalysisConfig:
Filename: tweet_spatial_analysis.ini
Ranges:
Latitude: 37.0 to 43.0
Longitude: -78.0 to -72.0
Count: 0.0 to 8200.0 step: 1.0
Area: 0.0 to 320000.0 step: 100.0
Distance: 0.0 to 850.0 step: 10.0
Ratio: 0.0 to 100.0 step: 2.0
Histograms:
Bins Count: [0.0, 1.0, 2.0, 3.0, 4.0, 5.0, 6.0, 7.0, 8.0, 9.0, 10.0, 15.0, 20.0, 25.0, 50.0, 75.0, 100.0, 150.0, 200.0, 250.0, 500.0]
Bins Count Text: ['0', '1', '2', '3', '4', '5', '6', '7', '8', '9', '10 - 14', '15 - 19', '20 - 24', '25 - 49', '50 - 74', '75 - 99', '100 - 149', '150 - 199', '200 - 249', '250 - 499']
2018-12-30 11:21:37,606 INFO: - - - - - - - - - - - - - - - - - - - - - - - - - - - - - - - -
2018-12-30 11:21:37,606 INFO: Tweet Spatial Analysis: Config:
2018-12-30 11:21:37,606 DEBUG: Range List: ['37.0', '43.0']
2018-12-30 11:21:37,606 DEBUG: Range List: ['-78.0', '-72.0']
2018-12-30 11:21:37,606 DEBUG: Range List: ['0', '8200', '1']
2018-12-30 11:21:37,606 DEBUG: Range List: ['0', '320000', '100']
2018-12-30 11:21:37,606 DEBUG: Range List: ['0', '850', '10']
2018-12-30 11:21:37,606 DEBUG: Range List: ['0', '100', '2']
2018-12-30 11:21:37,606 DEBUG: Range List: ['0', '1', '2', '3', '4', '5', '6', '7', '8', '9', '10', '15', '20', '25', '50', '75', '100', '150', '200', '250', '500']
2018-12-30 11:21:37,606 INFO: TweetSpatialAnalysisConfig:
Filename: tweet_spatial_analysis.ini
Ranges:
Latitude: 37.0 to 43.0
Longitude: -78.0 to -72.0
Count: 0.0 to 8200.0 step: 1.0
Area: 0.0 to 320000.0 step: 100.0
Distance: 0.0 to 850.0 step: 10.0
Ratio: 0.0 to 100.0 step: 2.0
Histograms:
Bins Count: [0.0, 1.0, 2.0, 3.0, 4.0, 5.0, 6.0, 7.0, 8.0, 9.0, 10.0, 15.0, 20.0, 25.0, 50.0, 75.0, 100.0, 150.0, 200.0, 250.0, 500.0]
Bins Count Text: ['0', '1', '2', '3', '4', '5', '6', '7', '8', '9', '10 - 14', '15 - 19', '20 - 24', '25 - 49', '50 - 74', '75 - 99', '100 - 149', '150 - 199', '200 - 249', '250 - 499']
2018-12-30 11:22:32,412 INFO: - - - - - - - - - - - - - - - - - - - - - - - - - - - - - - - -
2018-12-30 11:22:32,412 INFO: Tweet Spatial Analysis: Config:
2018-12-30 11:22:32,412 DEBUG: Range List: ['37.0', '43.0']
2018-12-30 11:22:32,412 DEBUG: Range List: ['-78.0', '-72.0']
2018-12-30 11:22:32,412 DEBUG: Range List: ['0', '8200', '1']
2018-12-30 11:22:32,412 DEBUG: Range List: ['0', '320000', '100']
2018-12-30 11:22:32,412 DEBUG: Range List: ['0', '850', '10']
2018-12-30 11:22:32,412 DEBUG: Range List: ['0', '100', '2']
2018-12-30 11:22:32,416 DEBUG: Range List: ['0', '1', '2', '3', '4', '5', '6', '7', '8', '9', '10', '15', '20', '25', '50', '75', '100', '150', '200', '250', '500']
2018-12-30 11:22:32,416 INFO: TweetSpatialAnalysisConfig:
Filename: tweet_spatial_analysis.ini
Ranges:
Latitude: 37.0 to 43.0
Longitude: -78.0 to -72.0
Count: 0.0 to 8200.0 step: 1.0
Area: 0.0 to 320000.0 step: 100.0
Distance: 0.0 to 850.0 step: 10.0
Ratio: 0.0 to 100.0 step: 2.0
Histograms:
Bins Count: [0.0, 1.0, 2.0, 3.0, 4.0, 5.0, 6.0, 7.0, 8.0, 9.0, 10.0, 15.0, 20.0, 25.0, 50.0, 75.0, 100.0, 150.0, 200.0, 250.0, 500.0]
Bins Count Text: ['0', '1', '2', '3', '4', '5', '6', '7', '8', '9', '10 - 14', '15 - 19', '20 - 24', '25 - 49', '50 - 74', '75 - 99', '100 - 149', '150 - 199', '200 - 249', '250 - 499']
2018-12-30 11:22:54,541 INFO: - - - - - - - - - - - - - - - - - - - - - - - - - - - - - - - -
2018-12-30 11:22:54,548 INFO: Tweet Spatial Analysis: Config:
2018-12-30 11:22:54,548 DEBUG: Range List: ['37.0', '43.0']
2018-12-30 11:22:54,548 DEBUG: Range List: ['-78.0', '-72.0']
2018-12-30 11:22:54,548 DEBUG: Range List: ['0', '8200', '1']
2018-12-30 11:22:54,548 DEBUG: Range List: ['0', '320000', '100']
2018-12-30 11:22:54,548 DEBUG: Range List: ['0', '850', '10']
2018-12-30 11:22:54,548 DEBUG: Range List: ['0', '100', '2']
2018-12-30 11:22:54,548 DEBUG: Range List: ['0', '1', '2', '3', '4', '5', '6', '7', '8', '9', '10', '15', '20', '25', '50', '75', '100', '150', '200', '250', '500']
2018-12-30 11:22:54,548 INFO: TweetSpatialAnalysisConfig:
Filename: tweet_spatial_analysis.ini
Ranges:
Latitude: 37.0 to 43.0
Longitude: -78.0 to -72.0
Count: 0.0 to 8200.0 step: 1.0
Area: 0.0 to 320000.0 step: 100.0
Distance: 0.0 to 850.0 step: 10.0
Ratio: 0.0 to 100.0 step: 2.0
Histograms:
Bins Count: [0.0, 1.0, 2.0, 3.0, 4.0, 5.0, 6.0, 7.0, 8.0, 9.0, 10.0, 15.0, 20.0, 25.0, 50.0, 75.0, 100.0, 150.0, 200.0, 250.0, 500.0]
Bins Count Text: ['0', '1', '2', '3', '4', '5', '6', '7', '8', '9', '10 - 14', '15 - 19', '20 - 24', '25 - 49', '50 - 74', '75 - 99', '100 - 149', '150 - 199', '200 - 249', '250 - 499']
2018-12-30 11:23:19,156 INFO: - - - - - - - - - - - - - - - - - - - - - - - - - - - - - - - -
2018-12-30 11:23:19,156 INFO: Tweet Spatial Analysis: Config:
2018-12-30 11:23:19,156 DEBUG: Range List: ['37.0', '43.0']
2018-12-30 11:23:19,156 DEBUG: Range List: ['-78.0', '-72.0']
2018-12-30 11:23:19,156 DEBUG: Range List: ['0', '8200', '1']
2018-12-30 11:23:19,163 DEBUG: Range List: ['0', '320000', '100']
2018-12-30 11:23:19,163 DEBUG: Range List: ['0', '850', '10']
2018-12-30 11:23:19,163 DEBUG: Range List: ['0', '100', '2']
2018-12-30 11:23:19,163 DEBUG: Range List: ['0', '1', '2', '3', '4', '5', '6', '7', '8', '9', '10', '15', '20', '25', '50', '75', '100', '150', '200', '250', '500']
2018-12-30 11:23:19,163 INFO: TweetSpatialAnalysisConfig:
Filename: tweet_spatial_analysis.ini
Ranges:
Latitude: 37.0 to 43.0
Longitude: -78.0 to -72.0
Count: 0.0 to 8200.0 step: 1.0
Area: 0.0 to 320000.0 step: 100.0
Distance: 0.0 to 850.0 step: 10.0
Ratio: 0.0 to 100.0 step: 2.0
Histograms:
Bins Count: [0.0, 1.0, 2.0, 3.0, 4.0, 5.0, 6.0, 7.0, 8.0, 9.0, 10.0, 15.0, 20.0, 25.0, 50.0, 75.0, 100.0, 150.0, 200.0, 250.0, 500.0]
Bins Count Text: ['0', '1', '2', '3', '4', '5', '6', '7', '8', '9', '10 - 14', '15 - 19', '20 - 24', '25 - 49', '50 - 74', '75 - 99', '100 - 149', '150 - 199', '200 - 249', '250 - 500']
