2018-12-04 21:31:18,748 INFO: - - - - - - - - - - - - - - - - - - - - - - - - - - - - - - - -
2018-12-04 21:31:18,748 INFO: User Profile Details::
2018-12-04 21:31:18,748 INFO: FileOpen:
Filename: userinfo
Postfix: .csv
Folder: data
Absolute: data\userinfo.csv
2018-12-04 21:31:18,748 INFO: UserProfileDetails:
Filename: data\userinfo.csv
Dataframe NOT defined.
2018-12-04 21:32:44,050 INFO: - - - - - - - - - - - - - - - - - - - - - - - - - - - - - - - -
2018-12-04 21:32:44,051 INFO: User Profile Details::
2018-12-04 21:32:44,051 INFO: FileOpen:
Filename: userinfo
Postfix: .csv
Folder: data
Absolute: data\userinfo.csv
2018-12-04 21:32:44,478 WARNING: UnicodeDecodeError:'utf-8' codec can't decode byte 0xa1 in position 68: invalid start byte: Reading:data\userinfo.csv
2018-12-04 21:32:44,871 INFO: UserProfileDetails:
Filename: data\userinfo.csv
Dataframe NOT defined.
2018-12-04 21:36:35,589 INFO: - - - - - - - - - - - - - - - - - - - - - - - - - - - - - - - -
2018-12-04 21:36:35,590 INFO: User Profile Details::
2018-12-04 21:36:35,590 INFO: FileOpen:
Filename: userinfo
Postfix: .csv
Folder: data
Absolute: data\userinfo.csv
2018-12-04 21:36:35,695 WARNING: UnicodeDecodeError:'utf-8' codec can't decode byte 0xa1 in position 68: invalid start byte: Reading:data\userinfo.csv
2018-12-04 21:36:36,096 INFO: UserProfileDetails:
Filename: data\userinfo.csv
Shape: (57901, 3)
Column Names:
Index(['92467972', 'danaelizabitch',
       'You should never gamble anything you are truly afraid to lose. ??'],
      dtype='object')
Column dtypes:
92467972                                                              int64
danaelizabitch                                                       object
You should never gamble anything you are truly afraid to lose. ??    object
dtype: object
2018-12-04 21:48:38,803 INFO: - - - - - - - - - - - - - - - - - - - - - - - - - - - - - - - -
2018-12-04 21:48:38,862 INFO: User Profile Details::
2018-12-04 21:48:38,863 INFO: FileOpen:
Filename: userinfo
Postfix: .csv
Folder: data
Absolute: data\userinfo.csv
2018-12-04 21:48:39,248 WARNING: UnicodeDecodeError:'utf-8' codec can't decode byte 0xa1 in position 68: invalid start byte: Reading:data\userinfo.csv
2018-12-04 21:48:39,662 INFO: UserProfileDetails:
Filename: data\userinfo.csv
Shape: (57901, 3)
Column Names:
Index(['92467972', 'danaelizabitch',
       'You should never gamble anything you are truly afraid to lose. ??'],
      dtype='object')
Column dtypes:
92467972                                                              int64
danaelizabitch                                                       object
You should never gamble anything you are truly afraid to lose. ??    object
dtype: object
2018-12-04 21:48:54,997 INFO: - - - - - - - - - - - - - - - - - - - - - - - - - - - - - - - -
2018-12-04 21:48:54,998 INFO: User Profile Details::
2018-12-04 21:48:54,998 INFO: FileOpen:
Filename: user-info
Postfix: .csv
Folder: data
Absolute: data\user-info.csv
2018-12-04 21:48:55,102 WARNING: UnicodeDecodeError:'utf-8' codec can't decode byte 0xa1 in position 75: invalid start byte: Reading:data\user-info.csv
2018-12-04 21:48:55,496 INFO: UserProfileDetails:
Filename: data\user-info.csv
Shape: (57902, 3)
Column Names:
Index(['User-ID', 'UserName', 'Profile-Test'], dtype='object')
Column dtypes:
User-ID          int64
UserName        object
Profile-Test    object
dtype: object
2018-12-04 21:58:12,003 INFO: - - - - - - - - - - - - - - - - - - - - - - - - - - - - - - - -
2018-12-04 21:58:12,003 INFO: User Profile Details::
2018-12-04 21:58:12,003 INFO: FileOpen:
Filename: user-info
Postfix: .csv
Folder: data
Absolute: data\user-info.csv
2018-12-04 21:58:12,116 WARNING: UnicodeDecodeError:'utf-8' codec can't decode byte 0xa1 in position 75: invalid start byte: Reading:data\user-info.csv
2018-12-04 21:58:12,517 INFO: UserProfileDetails:
Filename: data\user-info.csv
Shape: (57902, 3)
Column Names:
Index(['User-ID', 'UserName', 'Profile-Text'], dtype='object')
Column dtypes:
User-ID          int64
UserName        object
Profile-Text    object
dtype: object
2018-12-04 21:59:08,471 INFO: - - - - - - - - - - - - - - - - - - - - - - - - - - - - - - - -
2018-12-04 21:59:08,471 INFO: User Profile Details::
2018-12-04 21:59:08,471 INFO: FileOpen:
Filename: user-info
Postfix: .csv
Folder: data
Absolute: data\user-info.csv
2018-12-04 21:59:08,580 WARNING: UnicodeDecodeError:'utf-8' codec can't decode byte 0xa1 in position 75: invalid start byte: Reading:data\user-info.csv
2018-12-04 21:59:08,978 INFO: UserProfileDetails:
Filename: data\user-info.csv
Shape: (57902, 3)
Column Names:
Index(['User-ID', 'UserName', 'Profile-Text'], dtype='object')
Column dtypes:
User-ID          int64
UserName        object
Profile-Text    object
dtype: object
2018-12-04 22:02:32,424 INFO: - - - - - - - - - - - - - - - - - - - - - - - - - - - - - - - -
2018-12-04 22:02:32,424 INFO: User Profile Details::
2018-12-04 22:02:32,425 INFO: FileOpen:
Filename: user-info
Postfix: .csv
Folder: data
Absolute: data\user-info.csv
2018-12-04 22:02:32,534 WARNING: UnicodeDecodeError:'utf-8' codec can't decode byte 0xa1 in position 75: invalid start byte: Reading:data\user-info.csv
2018-12-04 22:02:32,933 INFO: UserProfileDetails:
Filename: data\user-info.csv
Shape: (57902, 3)
Column Names:
Index(['User-ID', 'UserName', 'Profile-Text'], dtype='object')
Column dtypes:
User-ID          int64
UserName        object
Profile-Text    object
dtype: object
2018-12-04 22:02:48,229 INFO: - - - - - - - - - - - - - - - - - - - - - - - - - - - - - - - -
2018-12-04 22:02:48,229 INFO: User Profile Details::
2018-12-04 22:02:48,229 INFO: FileOpen:
Filename: user-info
Postfix: .csv
Folder: data
Absolute: data\user-info.csv
2018-12-04 22:02:48,339 WARNING: UnicodeDecodeError:'utf-8' codec can't decode byte 0xa1 in position 75: invalid start byte: Reading:data\user-info.csv
2018-12-04 22:02:48,742 INFO: UserProfileDetails:
Filename: data\user-info.csv
Shape: (57902, 3)
Column Names:
Index(['User-ID', 'UserName', 'Profile-Text'], dtype='object')
Column dtypes:
User-ID          int64
UserName        object
Profile-Text    object
dtype: object
2018-12-04 22:03:09,916 INFO: - - - - - - - - - - - - - - - - - - - - - - - - - - - - - - - -
2018-12-04 22:03:09,916 INFO: User Profile Details::
2018-12-04 22:03:09,916 INFO: FileOpen:
Filename: user-info
Postfix: .csv
Folder: data
Absolute: data\user-info.csv
2018-12-04 22:03:10,027 WARNING: UnicodeDecodeError:'utf-8' codec can't decode byte 0xa1 in position 75: invalid start byte: Reading:data\user-info.csv
2018-12-04 22:03:10,425 INFO: UserProfileDetails:
Filename: data\user-info.csv
Shape: (57902, 3)
Column Names:
Index(['User-ID', 'UserName', 'Profile-Text'], dtype='object')
Column dtypes:
User-ID          int64
UserName        object
Profile-Text    object
dtype: object
2018-12-04 22:03:26,588 INFO: - - - - - - - - - - - - - - - - - - - - - - - - - - - - - - - -
2018-12-04 22:03:26,588 INFO: User Profile Details::
2018-12-04 22:03:26,588 INFO: FileOpen:
Filename: user-info
Postfix: .csv
Folder: data
Absolute: data\user-info.csv
2018-12-04 22:03:26,693 WARNING: UnicodeDecodeError:'utf-8' codec can't decode byte 0xa1 in position 75: invalid start byte: Reading:data\user-info.csv
2018-12-04 22:03:27,091 INFO: UserProfileDetails:
Filename: data\user-info.csv
Shape: (57902, 3)
Column Names:
Index(['User-ID', 'UserName', 'Profile-Text'], dtype='object')
Column dtypes:
User-ID          int64
UserName        object
Profile-Text    object
dtype: object
2018-12-04 22:05:56,036 INFO: - - - - - - - - - - - - - - - - - - - - - - - - - - - - - - - -
2018-12-04 22:05:56,036 INFO: User Profile Details::
2018-12-04 22:05:56,037 INFO: FileOpen:
Filename: user-info
Postfix: .csv
Folder: data
Absolute: data\user-info.csv
2018-12-04 22:05:56,144 WARNING: UnicodeDecodeError:'utf-8' codec can't decode byte 0xa1 in position 75: invalid start byte: Reading:data\user-info.csv
2018-12-04 22:05:56,545 INFO: TweetDataPreProcessing:
2018-12-04 22:05:56,545 INFO: Filename: data\user-info.csv
2018-12-04 22:05:56,546 INFO: Shape: (57902, 3)
2018-12-04 22:05:56,546 INFO: Column Names:
Index(['User-ID', 'UserName', 'Profile-Text'], dtype='object')
2018-12-04 22:05:56,546 INFO: Column Types:
User-ID          int64
UserName        object
Profile-Text    object
dtype: object
2018-12-04 22:05:56,547 INFO: UserProfileDetails:
Filename: data\user-info.csv
Shape: (57902, 3)
Column Names:
Index(['User-ID', 'UserName', 'Profile-Text'], dtype='object')
Column dtypes:
User-ID          int64
UserName        object
Profile-Text    object
dtype: object
